<?xml version="1.0" encoding="UTF-8"?>
<!-- Generated by org.testng.reporters.JUnitReportReporter -->
<testsuite skipped="0" hostname="Vijay" name="edureka.Final_Assignment_2020.bookFlightTest" tests="1" failures="0" timestamp="2020-09-03T00:00:04 PDT" time="7.850" errors="0">
  <testcase name="roundTripFlight" time="7.850" classname="edureka.Final_Assignment_2020.bookFlightTest"/>
  <system-out/>
</testsuite> <!-- edureka.Final_Assignment_2020.bookFlightTest -->
